Using pre-set license
Built from '2020.3/staging' branch; Version is '2020.3.17f1 (a4537701e4ab) revision 10769271'; Using compiler version '192528614'; Build Type 'Release'
OS: 'Windows 10 Home; OS build 19044.1645; Version 2009; 64bit' Language: 'fr' Physical Memory: 16177 MB
BatchMode: 1, IsHumanControllingUs: 0, StartBugReporterOnCrash: 0, Is64bit: 1, IsPro: 0

COMMAND LINE ARGUMENTS:
D:\UNITY\2020.3.17f1\Editor\Unity.exe
-adb2
-batchMode
-noUpm
-name
AssetImportWorker0
-projectPath
D:/DRIVE/03_3D/03_GA3/00_PFB/GIT/PFB_ANSART_GOY_KODRA/PFB_ANSART_GOY_KODRA
-logFile
Logs/AssetImportWorker0.log
-srvPort
51203
Successfully changed project path to: D:/DRIVE/03_3D/03_GA3/00_PFB/GIT/PFB_ANSART_GOY_KODRA/PFB_ANSART_GOY_KODRA
D:/DRIVE/03_3D/03_GA3/00_PFB/GIT/PFB_ANSART_GOY_KODRA/PFB_ANSART_GOY_KODRA
Using Asset Import Pipeline V2.
Refreshing native plugins compatible for Editor in 80.05 ms, found 3 plugins.
Preloading 0 native plugins for Editor in 0.00 ms.
Initialize engine version: 2020.3.17f1 (a4537701e4ab)
[Subsystems] Discovering subsystems at path D:/UNITY/2020.3.17f1/Editor/Data/Resources/UnitySubsystems
[Subsystems] Discovering subsystems at path D:/DRIVE/03_3D/03_GA3/00_PFB/GIT/PFB_ANSART_GOY_KODRA/PFB_ANSART_GOY_KODRA/Assets
GfxDevice: creating device client; threaded=0
Direct3D:
    Version:  Direct3D 11.0 [level 11.1]
    Renderer: NVIDIA GeForce RTX 2070 with Max-Q Design (ID=0x1f10)
    Vendor:   
    VRAM:     8031 MB
    Driver:   30.0.15.1169
Initialize mono
Mono path[0] = 'D:/UNITY/2020.3.17f1/Editor/Data/Managed'
Mono path[1] = 'D:/UNITY/2020.3.17f1/Editor/Data/MonoBleedingEdge/lib/mono/unityjit'
Mono config path = 'D:/UNITY/2020.3.17f1/Editor/Data/MonoBleedingEdge/etc'
Using monoOptions --debugger-agent=transport=dt_socket,embedding=1,server=y,suspend=n,address=127.0.0.1:56764
Begin MonoManager ReloadAssembly
Registering precompiled unity dll's ...
Register platform support module: D:/UNITY/2020.3.17f1/Editor/Data/PlaybackEngines/WindowsStandaloneSupport/UnityEditor.WindowsStandalone.Extensions.dll
Registered in 0.001306 seconds.
Native extension for WindowsStandalone target not found
Refreshing native plugins compatible for Editor in 74.81 ms, found 3 plugins.
Preloading 0 native plugins for Editor in 0.00 ms.
Mono: successfully reloaded assembly
- Completed reload, in  2.253 seconds
Domain Reload Profiling:
	ReloadAssembly (2253ms)
		BeginReloadAssembly (72ms)
			ExecutionOrderSort (0ms)
			DisableScriptedObjects (0ms)
			BackupInstance (0ms)
			ReleaseScriptingObjects (0ms)
			CreateAndSetChildDomain (1ms)
		EndReloadAssembly (456ms)
			LoadAssemblies (71ms)
			RebuildTransferFunctionScriptingTraits (0ms)
			SetupTypeCache (158ms)
			ReleaseScriptCaches (0ms)
			RebuildScriptCaches (32ms)
			SetupLoadedEditorAssemblies (199ms)
				LogAssemblyErrors (0ms)
				InitializePlatformSupportModulesInManaged (3ms)
				SetLoadedEditorAssemblies (0ms)
				RefreshPlugins (75ms)
				BeforeProcessingInitializeOnLoad (8ms)
				ProcessInitializeOnLoadAttributes (82ms)
				ProcessInitializeOnLoadMethodAttributes (30ms)
				AfterProcessingInitializeOnLoad (0ms)
				EditorAssembliesLoaded (0ms)
			ExecutionOrderSort2 (0ms)
			AwakeInstancesAfterBackupRestoration (0ms)
Platform modules already initialized, skipping
Registering precompiled user dll's ...
Registered in 0.004703 seconds.
Begin MonoManager ReloadAssembly
Native extension for WindowsStandalone target not found
Refreshing native plugins compatible for Editor in 80.31 ms, found 3 plugins.
Preloading 0 native plugins for Editor in 0.00 ms.
Mono: successfully reloaded assembly
- Completed reload, in  1.505 seconds
Domain Reload Profiling:
	ReloadAssembly (1506ms)
		BeginReloadAssembly (158ms)
			ExecutionOrderSort (0ms)
			DisableScriptedObjects (4ms)
			BackupInstance (0ms)
			ReleaseScriptingObjects (0ms)
			CreateAndSetChildDomain (17ms)
		EndReloadAssembly (1291ms)
			LoadAssemblies (116ms)
			RebuildTransferFunctionScriptingTraits (0ms)
			SetupTypeCache (346ms)
			ReleaseScriptCaches (1ms)
			RebuildScriptCaches (78ms)
			SetupLoadedEditorAssemblies (651ms)
				LogAssemblyErrors (0ms)
				InitializePlatformSupportModulesInManaged (3ms)
				SetLoadedEditorAssemblies (0ms)
				RefreshPlugins (80ms)
				BeforeProcessingInitializeOnLoad (84ms)
				ProcessInitializeOnLoadAttributes (330ms)
				ProcessInitializeOnLoadMethodAttributes (152ms)
				AfterProcessingInitializeOnLoad (2ms)
				EditorAssembliesLoaded (0ms)
			ExecutionOrderSort2 (0ms)
			AwakeInstancesAfterBackupRestoration (7ms)
Platform modules already initialized, skipping
========================================================================
Worker process is ready to serve import requests
Launched and connected shader compiler UnityShaderCompiler.exe after 0.08 seconds
Refreshing native plugins compatible for Editor in 0.67 ms, found 3 plugins.
Preloading 0 native plugins for Editor in 0.00 ms.
Unloading 3868 Unused Serialized files (Serialized files now loaded: 0)
System memory in use before: 187.1 MB.
System memory in use after: 187.3 MB.

Unloading 22 unused Assets to reduce memory usage. Loaded Objects now: 4314.
Total: 3.719700 ms (FindLiveObjects: 0.329400 ms CreateObjectMapping: 0.154900 ms MarkObjects: 3.170800 ms  DeleteObjects: 0.063700 ms)

AssetImportParameters requested are different than current active one (requested -> active):
  custom:framework-win-MediaFoundation: 216162199b28c13a410421893ffa2e32 -> 
  custom:video-decoder-ogg-theora: a1e56fd34408186e4bbccfd4996cb3dc -> 
  custom:container-muxer-webm: aa71ff27fc2769a1b78a27578f13a17b -> 
  custom:container-demuxer-webm: 4f35f7cbe854078d1ac9338744f61a02 -> 
  custom:container-demuxer-ogg: 62fdf1f143b41e24485cea50d1cbac27 -> 
  custom:video-encoder-webm-vp8: eb34c28f22e8b96e1ab97ce403110664 -> 
  custom:video-codec-MediaFoundation-h265: 746d11721c4dcdbdad8f713fa42b33f4 -> 
  custom:video-decoder-webm-vp8: 9c59270c3fd7afecdb556c50c9e8de78 -> 
  custom:audio-decoder-ogg-vorbis: bf7c407c2cedff20999df2af8eb42d56 -> 
  custom:audio-encoder-webm-vorbis: bf7c407c2cedff20999df2af8eb42d56 -> 
========================================================================
Received Import Request.
  path: Assets/_MAT/MAT_VERRE 2.mat
  artifactKey: Guid(0d6ea6a6791617d4dbb5a39863f9d836) Importer(815301076,1909f56bfc062723c751e8b465ee728b)
Start importing Assets/_MAT/MAT_VERRE 2.mat using Guid(0d6ea6a6791617d4dbb5a39863f9d836) Importer(815301076,1909f56bfc062723c751e8b465ee728b) Launched and connected shader compiler UnityShaderCompiler.exe after 0.08 seconds
Launched and connected shader compiler UnityShaderCompiler.exe after 0.07 seconds
Launched and connected shader compiler UnityShaderCompiler.exe after 0.08 seconds
Launched and connected shader compiler UnityShaderCompiler.exe after 0.07 seconds
Launched and connected shader compiler UnityShaderCompiler.exe after 0.07 seconds
Launched and connected shader compiler UnityShaderCompiler.exe after 0.07 seconds
Launched and connected shader compiler UnityShaderCompiler.exe after 0.07 seconds
Launched and connected shader compiler UnityShaderCompiler.exe after 0.08 seconds
Launched and connected shader compiler UnityShaderCompiler.exe after 0.07 seconds
Launched and connected shader compiler UnityShaderCompiler.exe after 0.07 seconds
Launched and connected shader compiler UnityShaderCompiler.exe after 0.08 seconds
 -> (artifact id: 'd47d5efef4f2586cf594ddf8a36a9390') in 1.624859 seconds 
  Import took 1.632151 seconds .

========================================================================
Received Import Request.
  Time since last request: 1537.183093 seconds.
  path: Assets/_MAT/Mat_verre 1.mat
  artifactKey: Guid(70fae19e3da5483458b0b41b34d9961f) Importer(815301076,1909f56bfc062723c751e8b465ee728b)
Start importing Assets/_MAT/Mat_verre 1.mat using Guid(70fae19e3da5483458b0b41b34d9961f) Importer(815301076,1909f56bfc062723c751e8b465ee728b)  -> (artifact id: 'c73fc91fb55f335a3916262ed0588bda') in 0.414843 seconds 
  Import took 0.423464 seconds .

========================================================================
Received Import Request.
  Time since last request: 0.000369 seconds.
  path: Assets/_MAT/MAT_VERRE 2.mat
  artifactKey: Guid(0d6ea6a6791617d4dbb5a39863f9d836) Importer(815301076,1909f56bfc062723c751e8b465ee728b)
Start importing Assets/_MAT/MAT_VERRE 2.mat using Guid(0d6ea6a6791617d4dbb5a39863f9d836) Importer(815301076,1909f56bfc062723c751e8b465ee728b)  -> (artifact id: '175ca00dec075611de8248c5b78f9c21') in 0.486699 seconds 
  Import took 0.494659 seconds .

========================================================================
Received Import Request.
  Time since last request: 242.350818 seconds.
  path: Assets/_FBX/bouteille.fbx
  artifactKey: Guid(1337ea67aea47cc4e9755453a5011788) Importer(815301076,1909f56bfc062723c751e8b465ee728b)
Start importing Assets/_FBX/bouteille.fbx using Guid(1337ea67aea47cc4e9755453a5011788) Importer(815301076,1909f56bfc062723c751e8b465ee728b)  -> (artifact id: '291f9b7a8f54ff840736d66feecb600f') in 0.270603 seconds 
  Import took 0.277417 seconds .

========================================================================
Received Import Request.
  Time since last request: 0.003562 seconds.
  path: Assets/_FBX/bouteille.fbx
  artifactKey: Guid(1337ea67aea47cc4e9755453a5011788) Importer(815301076,1909f56bfc062723c751e8b465ee728b)
Start importing Assets/_FBX/bouteille.fbx using Guid(1337ea67aea47cc4e9755453a5011788) Importer(815301076,1909f56bfc062723c751e8b465ee728b)  -> (artifact id: '291f9b7a8f54ff840736d66feecb600f') in 0.073472 seconds 
  Import took 0.079615 seconds .

========================================================================
Received Import Request.
  Time since last request: 13.579544 seconds.
  path: Assets/_PREFAB/bouteille.prefab
  artifactKey: Guid(161944db91f0bb84d8d2583a58f05574) Importer(815301076,1909f56bfc062723c751e8b465ee728b)
Start importing Assets/_PREFAB/bouteille.prefab using Guid(161944db91f0bb84d8d2583a58f05574) Importer(815301076,1909f56bfc062723c751e8b465ee728b)  -> (artifact id: 'a33953da299bdc98bc2cfc8bf0808654') in 0.035234 seconds 
  Import took 0.041815 seconds .

========================================================================
Received Import Request.
  Time since last request: 0.004844 seconds.
  path: Assets/_PREFAB/bouteille.prefab
  artifactKey: Guid(161944db91f0bb84d8d2583a58f05574) Importer(815301076,1909f56bfc062723c751e8b465ee728b)
Start importing Assets/_PREFAB/bouteille.prefab using Guid(161944db91f0bb84d8d2583a58f05574) Importer(815301076,1909f56bfc062723c751e8b465ee728b)  -> (artifact id: 'a33953da299bdc98bc2cfc8bf0808654') in 0.025674 seconds 
  Import took 0.031907 seconds .

========================================================================
Received Import Request.
  Time since last request: 124.657285 seconds.
  path: Assets/_MAT/MAT_VERRE 2.mat
  artifactKey: Guid(0d6ea6a6791617d4dbb5a39863f9d836) Importer(815301076,1909f56bfc062723c751e8b465ee728b)
Start importing Assets/_MAT/MAT_VERRE 2.mat using Guid(0d6ea6a6791617d4dbb5a39863f9d836) Importer(815301076,1909f56bfc062723c751e8b465ee728b)  -> (artifact id: '8cc1985cc5f43f540eae3e61b542cb31') in 0.041711 seconds 
  Import took 0.048749 seconds .

AssetImportWorkerClient::OnTransportError - code=2 error=End of file
