Using pre-set license
Built from '2020.3/staging' branch; Version is '2020.3.17f1 (a4537701e4ab) revision 10769271'; Using compiler version '192528614'; Build Type 'Release'
OS: 'Windows 10 Home; OS build 19044.1645; Version 2009; 64bit' Language: 'fr' Physical Memory: 16177 MB
BatchMode: 1, IsHumanControllingUs: 0, StartBugReporterOnCrash: 0, Is64bit: 1, IsPro: 0

COMMAND LINE ARGUMENTS:
D:\UNITY\2020.3.17f1\Editor\Unity.exe
-adb2
-batchMode
-noUpm
-name
AssetImportWorker1
-projectPath
D:/DRIVE/03_3D/03_GA3/00_PFB/GIT/PFB_ANSART_GOY_KODRA/PFB_ANSART_GOY_KODRA
-logFile
Logs/AssetImportWorker1.log
-srvPort
50433
Successfully changed project path to: D:/DRIVE/03_3D/03_GA3/00_PFB/GIT/PFB_ANSART_GOY_KODRA/PFB_ANSART_GOY_KODRA
D:/DRIVE/03_3D/03_GA3/00_PFB/GIT/PFB_ANSART_GOY_KODRA/PFB_ANSART_GOY_KODRA
Using Asset Import Pipeline V2.
Refreshing native plugins compatible for Editor in 80.74 ms, found 3 plugins.
Preloading 0 native plugins for Editor in 0.00 ms.
Initialize engine version: 2020.3.17f1 (a4537701e4ab)
[Subsystems] Discovering subsystems at path D:/UNITY/2020.3.17f1/Editor/Data/Resources/UnitySubsystems
[Subsystems] Discovering subsystems at path D:/DRIVE/03_3D/03_GA3/00_PFB/GIT/PFB_ANSART_GOY_KODRA/PFB_ANSART_GOY_KODRA/Assets
GfxDevice: creating device client; threaded=0
Direct3D:
    Version:  Direct3D 11.0 [level 11.1]
    Renderer: NVIDIA GeForce RTX 2070 with Max-Q Design (ID=0x1f10)
    Vendor:   
    VRAM:     8031 MB
    Driver:   30.0.15.1169
Initialize mono
Mono path[0] = 'D:/UNITY/2020.3.17f1/Editor/Data/Managed'
Mono path[1] = 'D:/UNITY/2020.3.17f1/Editor/Data/MonoBleedingEdge/lib/mono/unityjit'
Mono config path = 'D:/UNITY/2020.3.17f1/Editor/Data/MonoBleedingEdge/etc'
Using monoOptions --debugger-agent=transport=dt_socket,embedding=1,server=y,suspend=n,address=127.0.0.1:56516
Begin MonoManager ReloadAssembly
Registering precompiled unity dll's ...
Register platform support module: D:/UNITY/2020.3.17f1/Editor/Data/PlaybackEngines/WindowsStandaloneSupport/UnityEditor.WindowsStandalone.Extensions.dll
Registered in 0.001207 seconds.
Native extension for WindowsStandalone target not found
Refreshing native plugins compatible for Editor in 89.41 ms, found 3 plugins.
Preloading 0 native plugins for Editor in 0.00 ms.
Mono: successfully reloaded assembly
- Completed reload, in  2.471 seconds
Domain Reload Profiling:
	ReloadAssembly (2471ms)
		BeginReloadAssembly (69ms)
			ExecutionOrderSort (0ms)
			DisableScriptedObjects (0ms)
			BackupInstance (0ms)
			ReleaseScriptingObjects (0ms)
			CreateAndSetChildDomain (1ms)
		EndReloadAssembly (504ms)
			LoadAssemblies (68ms)
			RebuildTransferFunctionScriptingTraits (0ms)
			SetupTypeCache (171ms)
			ReleaseScriptCaches (0ms)
			RebuildScriptCaches (39ms)
			SetupLoadedEditorAssemblies (215ms)
				LogAssemblyErrors (0ms)
				InitializePlatformSupportModulesInManaged (4ms)
				SetLoadedEditorAssemblies (0ms)
				RefreshPlugins (89ms)
				BeforeProcessingInitializeOnLoad (9ms)
				ProcessInitializeOnLoadAttributes (84ms)
				ProcessInitializeOnLoadMethodAttributes (28ms)
				AfterProcessingInitializeOnLoad (0ms)
				EditorAssembliesLoaded (0ms)
			ExecutionOrderSort2 (0ms)
			AwakeInstancesAfterBackupRestoration (0ms)
Platform modules already initialized, skipping
Registering precompiled user dll's ...
Registered in 0.004786 seconds.
Begin MonoManager ReloadAssembly
Native extension for WindowsStandalone target not found
Refreshing native plugins compatible for Editor in 88.95 ms, found 3 plugins.
Preloading 0 native plugins for Editor in 0.00 ms.
Mono: successfully reloaded assembly
- Completed reload, in  2.645 seconds
Domain Reload Profiling:
	ReloadAssembly (2649ms)
		BeginReloadAssembly (150ms)
			ExecutionOrderSort (0ms)
			DisableScriptedObjects (4ms)
			BackupInstance (0ms)
			ReleaseScriptingObjects (0ms)
			CreateAndSetChildDomain (17ms)
		EndReloadAssembly (2444ms)
			LoadAssemblies (108ms)
			RebuildTransferFunctionScriptingTraits (0ms)
			SetupTypeCache (658ms)
			ReleaseScriptCaches (1ms)
			RebuildScriptCaches (84ms)
			SetupLoadedEditorAssemblies (1469ms)
				LogAssemblyErrors (0ms)
				InitializePlatformSupportModulesInManaged (4ms)
				SetLoadedEditorAssemblies (0ms)
				RefreshPlugins (89ms)
				BeforeProcessingInitializeOnLoad (88ms)
				ProcessInitializeOnLoadAttributes (540ms)
				ProcessInitializeOnLoadMethodAttributes (745ms)
				AfterProcessingInitializeOnLoad (2ms)
				EditorAssembliesLoaded (0ms)
			ExecutionOrderSort2 (0ms)
			AwakeInstancesAfterBackupRestoration (7ms)
Platform modules already initialized, skipping
========================================================================
Worker process is ready to serve import requests
Launched and connected shader compiler UnityShaderCompiler.exe after 0.11 seconds
Refreshing native plugins compatible for Editor in 0.67 ms, found 3 plugins.
Preloading 0 native plugins for Editor in 0.00 ms.
Unloading 3868 Unused Serialized files (Serialized files now loaded: 0)
System memory in use before: 187.1 MB.
System memory in use after: 187.3 MB.

Unloading 22 unused Assets to reduce memory usage. Loaded Objects now: 4314.
Total: 3.603400 ms (FindLiveObjects: 0.329500 ms CreateObjectMapping: 0.148200 ms MarkObjects: 3.063100 ms  DeleteObjects: 0.061900 ms)

AssetImportParameters requested are different than current active one (requested -> active):
  custom:framework-win-MediaFoundation: 216162199b28c13a410421893ffa2e32 -> 
  custom:video-decoder-ogg-theora: a1e56fd34408186e4bbccfd4996cb3dc -> 
  custom:container-muxer-webm: aa71ff27fc2769a1b78a27578f13a17b -> 
  custom:container-demuxer-webm: 4f35f7cbe854078d1ac9338744f61a02 -> 
  custom:container-demuxer-ogg: 62fdf1f143b41e24485cea50d1cbac27 -> 
  custom:video-encoder-webm-vp8: eb34c28f22e8b96e1ab97ce403110664 -> 
  custom:video-codec-MediaFoundation-h265: 746d11721c4dcdbdad8f713fa42b33f4 -> 
  custom:video-decoder-webm-vp8: 9c59270c3fd7afecdb556c50c9e8de78 -> 
  custom:audio-decoder-ogg-vorbis: bf7c407c2cedff20999df2af8eb42d56 -> 
  custom:audio-encoder-webm-vorbis: bf7c407c2cedff20999df2af8eb42d56 -> 
========================================================================
Received Import Request.
  path: Assets/_PREFAB/PLINTHE_FBX.prefab
  artifactKey: Guid(2137dd4d31f705541860d6d3c797be02) Importer(815301076,1909f56bfc062723c751e8b465ee728b)
Start importing Assets/_PREFAB/PLINTHE_FBX.prefab using Guid(2137dd4d31f705541860d6d3c797be02) Importer(815301076,1909f56bfc062723c751e8b465ee728b) Launched and connected shader compiler UnityShaderCompiler.exe after 0.08 seconds
Launched and connected shader compiler UnityShaderCompiler.exe after 0.09 seconds
Launched and connected shader compiler UnityShaderCompiler.exe after 0.09 seconds
Launched and connected shader compiler UnityShaderCompiler.exe after 0.08 seconds
Launched and connected shader compiler UnityShaderCompiler.exe after 0.07 seconds
Launched and connected shader compiler UnityShaderCompiler.exe after 0.07 seconds
Launched and connected shader compiler UnityShaderCompiler.exe after 0.07 seconds
Launched and connected shader compiler UnityShaderCompiler.exe after 0.07 seconds
Launched and connected shader compiler UnityShaderCompiler.exe after 0.08 seconds
Launched and connected shader compiler UnityShaderCompiler.exe after 0.08 seconds
Launched and connected shader compiler UnityShaderCompiler.exe after 0.07 seconds
 -> (artifact id: 'd8f998e733e27108e731d702401ba3b7') in 2.431238 seconds 
  Import took 2.438357 seconds .

========================================================================
Received Import Request.
  Time since last request: 58.620004 seconds.
  path: Assets/_TXT/text couloir/albedo 21.png
  artifactKey: Guid(9d2581af82e44204e81bd06bc2879a05) Importer(815301076,1909f56bfc062723c751e8b465ee728b)
Start importing Assets/_TXT/text couloir/albedo 21.png using Guid(9d2581af82e44204e81bd06bc2879a05) Importer(815301076,1909f56bfc062723c751e8b465ee728b)  -> (artifact id: '992b8bcbac760ecee7fcc589275963d4') in 0.070904 seconds 
  Import took 0.076606 seconds .

========================================================================
Received Import Request.
  Time since last request: 0.000348 seconds.
  path: Assets/_TXT/text couloir/Normal 16.png
  artifactKey: Guid(43fc899688ae95145badba6d0a14b2c7) Importer(815301076,1909f56bfc062723c751e8b465ee728b)
Start importing Assets/_TXT/text couloir/Normal 16.png using Guid(43fc899688ae95145badba6d0a14b2c7) Importer(815301076,1909f56bfc062723c751e8b465ee728b)  -> (artifact id: '290930f08b787436178a23881994d6a8') in 0.045055 seconds 
  Import took 0.051264 seconds .

========================================================================
Received Import Request.
  Time since last request: 0.000312 seconds.
  path: Assets/_TXT/text couloir/RMO 22.png
  artifactKey: Guid(e4f66bea7c651e540b3a9226b5324a92) Importer(815301076,1909f56bfc062723c751e8b465ee728b)
Start importing Assets/_TXT/text couloir/RMO 22.png using Guid(e4f66bea7c651e540b3a9226b5324a92) Importer(815301076,1909f56bfc062723c751e8b465ee728b)  -> (artifact id: '8132600569ed431131fb0825c54c9a45') in 0.029846 seconds 
  Import took 0.036227 seconds .

========================================================================
Received Import Request.
  Time since last request: 0.000255 seconds.
  path: Assets/_TXT/text couloir/Normal 16.png
  artifactKey: Guid(43fc899688ae95145badba6d0a14b2c7) Importer(815301076,1909f56bfc062723c751e8b465ee728b)
Start importing Assets/_TXT/text couloir/Normal 16.png using Guid(43fc899688ae95145badba6d0a14b2c7) Importer(815301076,1909f56bfc062723c751e8b465ee728b)  -> (artifact id: '290930f08b787436178a23881994d6a8') in 0.025784 seconds 
  Import took 0.032223 seconds .

========================================================================
Received Import Request.
  Time since last request: 151.812539 seconds.
  path: Assets/_PREFAB/porte_couloir.prefab
  artifactKey: Guid(ad14dbd1f613fa74681a641dd4d699e7) Importer(815301076,1909f56bfc062723c751e8b465ee728b)
Start importing Assets/_PREFAB/porte_couloir.prefab using Guid(ad14dbd1f613fa74681a641dd4d699e7) Importer(815301076,1909f56bfc062723c751e8b465ee728b)  -> (artifact id: '20cde4ac0f58a076acbf2830ee46a183') in 0.063575 seconds 
  Import took 0.070447 seconds .

========================================================================
Received Import Request.
  Time since last request: 79.796714 seconds.
  path: Assets/_PREFAB/porte_couloir.prefab
  artifactKey: Guid(ad14dbd1f613fa74681a641dd4d699e7) Importer(815301076,1909f56bfc062723c751e8b465ee728b)
Start importing Assets/_PREFAB/porte_couloir.prefab using Guid(ad14dbd1f613fa74681a641dd4d699e7) Importer(815301076,1909f56bfc062723c751e8b465ee728b)  -> (artifact id: 'b628d05741f862d142f50060dce5803e') in 0.037035 seconds 
  Import took 0.043637 seconds .

========================================================================
Received Import Request.
  Time since last request: 255.807666 seconds.
  path: Assets/_PREFAB/CHAISE_FBX.prefab
  artifactKey: Guid(2eae62540f4bb2146be73b15a543be7b) Importer(815301076,1909f56bfc062723c751e8b465ee728b)
Start importing Assets/_PREFAB/CHAISE_FBX.prefab using Guid(2eae62540f4bb2146be73b15a543be7b) Importer(815301076,1909f56bfc062723c751e8b465ee728b)  -> (artifact id: '59d323fe89949834838e47d0081d690f') in 0.048074 seconds 
  Import took 0.055297 seconds .

========================================================================
Received Import Request.
  Time since last request: 0.000316 seconds.
  path: Assets/_PREFAB/MEUBLE_2_FBX.prefab
  artifactKey: Guid(fe6fc0fa5678b834586c81aae2d09388) Importer(815301076,1909f56bfc062723c751e8b465ee728b)
Start importing Assets/_PREFAB/MEUBLE_2_FBX.prefab using Guid(fe6fc0fa5678b834586c81aae2d09388) Importer(815301076,1909f56bfc062723c751e8b465ee728b)  -> (artifact id: '46a0fe38c78079b102dd0069ca906afa') in 0.031911 seconds 
  Import took 0.038981 seconds .

========================================================================
Received Import Request.
  Time since last request: 0.000324 seconds.
  path: Assets/_PREFAB/module_mur_fermé 1.prefab
  artifactKey: Guid(f487499540934eb4eb5ebdebf4990780) Importer(815301076,1909f56bfc062723c751e8b465ee728b)
Start importing Assets/_PREFAB/module_mur_fermé 1.prefab using Guid(f487499540934eb4eb5ebdebf4990780) Importer(815301076,1909f56bfc062723c751e8b465ee728b)  -> (artifact id: 'f0c52576e78c080de262a0ccbcb016af') in 0.083746 seconds 
  Import took 0.089371 seconds .

========================================================================
Received Import Request.
  Time since last request: 0.000323 seconds.
  path: Assets/_PREFAB/module_mur_haut.prefab
  artifactKey: Guid(34bfdb2ce8cb27f498ec74e86f41fa47) Importer(815301076,1909f56bfc062723c751e8b465ee728b)
Start importing Assets/_PREFAB/module_mur_haut.prefab using Guid(34bfdb2ce8cb27f498ec74e86f41fa47) Importer(815301076,1909f56bfc062723c751e8b465ee728b)  -> (artifact id: '55a020d7a3d5266366b9554376cca628') in 0.061828 seconds 
  Import took 0.067465 seconds .

========================================================================
Received Import Request.
  Time since last request: 0.000319 seconds.
  path: Assets/_PREFAB/CHAISE_FBX.prefab
  artifactKey: Guid(2eae62540f4bb2146be73b15a543be7b) Importer(815301076,1909f56bfc062723c751e8b465ee728b)
Start importing Assets/_PREFAB/CHAISE_FBX.prefab using Guid(2eae62540f4bb2146be73b15a543be7b) Importer(815301076,1909f56bfc062723c751e8b465ee728b)  -> (artifact id: '59d323fe89949834838e47d0081d690f') in 0.025588 seconds 
  Import took 0.031524 seconds .

========================================================================
Received Import Request.
  Time since last request: 0.000288 seconds.
  path: Assets/_PREFAB/sol_rotonde.prefab
  artifactKey: Guid(66cae08827d4aa9439e1675201664311) Importer(815301076,1909f56bfc062723c751e8b465ee728b)
Start importing Assets/_PREFAB/sol_rotonde.prefab using Guid(66cae08827d4aa9439e1675201664311) Importer(815301076,1909f56bfc062723c751e8b465ee728b)  -> (artifact id: '315a6b19de84945556e8ebe185f20e77') in 0.070879 seconds 
  Import took 0.078177 seconds .

========================================================================
Received Import Request.
  Time since last request: 0.000293 seconds.
  path: Assets/_PREFAB/module_sol_carrefour.prefab
  artifactKey: Guid(3cc3f719cc7adbc43bcebfbebd21e2d9) Importer(815301076,1909f56bfc062723c751e8b465ee728b)
Start importing Assets/_PREFAB/module_sol_carrefour.prefab using Guid(3cc3f719cc7adbc43bcebfbebd21e2d9) Importer(815301076,1909f56bfc062723c751e8b465ee728b)  -> (artifact id: '6a739f4f46596673659a9e64d09b1028') in 0.057774 seconds 
  Import took 0.064063 seconds .

========================================================================
Received Import Request.
  Time since last request: 0.000279 seconds.
  path: Assets/_PREFAB/TABLE_FBX.prefab
  artifactKey: Guid(fd8f0ce49efabe848a56bf36ffa4a437) Importer(815301076,1909f56bfc062723c751e8b465ee728b)
Start importing Assets/_PREFAB/TABLE_FBX.prefab using Guid(fd8f0ce49efabe848a56bf36ffa4a437) Importer(815301076,1909f56bfc062723c751e8b465ee728b)  -> (artifact id: '7ab3628f707357990e3017535aed376b') in 0.031966 seconds 
  Import took 0.037638 seconds .

========================================================================
Received Import Request.
  Time since last request: 0.000300 seconds.
  path: Assets/_PREFAB/SOL3_FBX.prefab
  artifactKey: Guid(a022069911973a844a3562022ec9f1cc) Importer(815301076,1909f56bfc062723c751e8b465ee728b)
Start importing Assets/_PREFAB/SOL3_FBX.prefab using Guid(a022069911973a844a3562022ec9f1cc) Importer(815301076,1909f56bfc062723c751e8b465ee728b)  -> (artifact id: '62d1364ff9db9b171201721ce3ffbe29') in 0.086026 seconds 
  Import took 0.091849 seconds .

========================================================================
Received Import Request.
  Time since last request: 0.000327 seconds.
  path: Assets/_PREFAB/SOL2_FBX.prefab
  artifactKey: Guid(4827f31cb565e2a4a975a8e69b520872) Importer(815301076,1909f56bfc062723c751e8b465ee728b)
Start importing Assets/_PREFAB/SOL2_FBX.prefab using Guid(4827f31cb565e2a4a975a8e69b520872) Importer(815301076,1909f56bfc062723c751e8b465ee728b)  -> (artifact id: '8cea2ed92703561c10e4d1af425f3960') in 0.033644 seconds 
  Import took 0.039628 seconds .

========================================================================
Received Import Request.
  Time since last request: 0.000309 seconds.
  path: Assets/_PREFAB/MEUBLE_1_FBX.prefab
  artifactKey: Guid(0687bee547a4dbb4b880cb9a2dfc6a4d) Importer(815301076,1909f56bfc062723c751e8b465ee728b)
Start importing Assets/_PREFAB/MEUBLE_1_FBX.prefab using Guid(0687bee547a4dbb4b880cb9a2dfc6a4d) Importer(815301076,1909f56bfc062723c751e8b465ee728b)  -> (artifact id: '3bb74852243eaf66a85a38594e42d00d') in 0.031828 seconds 
  Import took 0.037871 seconds .

========================================================================
Received Import Request.
  Time since last request: 0.000281 seconds.
  path: Assets/_PREFAB/MUR_COTE_FBX (1).prefab
  artifactKey: Guid(b174bf4cfb37bae46932a6d18dd37873) Importer(815301076,1909f56bfc062723c751e8b465ee728b)
Start importing Assets/_PREFAB/MUR_COTE_FBX (1).prefab using Guid(b174bf4cfb37bae46932a6d18dd37873) Importer(815301076,1909f56bfc062723c751e8b465ee728b)  -> (artifact id: '3d321501a2d90d6e311aabf34b5cce02') in 0.081311 seconds 
  Import took 0.088707 seconds .

========================================================================
Received Import Request.
  Time since last request: 0.000326 seconds.
  path: Assets/_PREFAB/MEUBLE_1_FBX.prefab
  artifactKey: Guid(0687bee547a4dbb4b880cb9a2dfc6a4d) Importer(815301076,1909f56bfc062723c751e8b465ee728b)
Start importing Assets/_PREFAB/MEUBLE_1_FBX.prefab using Guid(0687bee547a4dbb4b880cb9a2dfc6a4d) Importer(815301076,1909f56bfc062723c751e8b465ee728b)  -> (artifact id: '3bb74852243eaf66a85a38594e42d00d') in 0.023879 seconds 
  Import took 0.030203 seconds .

========================================================================
Received Import Request.
  Time since last request: 0.000428 seconds.
  path: Assets/_PREFAB/module_sol_droit.prefab
  artifactKey: Guid(34a1e1c8585b297449f709f93b9e33a8) Importer(815301076,1909f56bfc062723c751e8b465ee728b)
Start importing Assets/_PREFAB/module_sol_droit.prefab using Guid(34a1e1c8585b297449f709f93b9e33a8) Importer(815301076,1909f56bfc062723c751e8b465ee728b)  -> (artifact id: 'd3b7092783009ff5937b7b0535ec94c0') in 0.040788 seconds 
  Import took 0.047120 seconds .

========================================================================
Received Import Request.
  Time since last request: 0.000323 seconds.
  path: Assets/_PREFAB/SOL1_FBX.prefab
  artifactKey: Guid(bd9f3bdc47fcdea4fb64413e1a448ac6) Importer(815301076,1909f56bfc062723c751e8b465ee728b)
Start importing Assets/_PREFAB/SOL1_FBX.prefab using Guid(bd9f3bdc47fcdea4fb64413e1a448ac6) Importer(815301076,1909f56bfc062723c751e8b465ee728b)  -> (artifact id: '518c583d7f256b6b521dd01f9e8d102a') in 0.057418 seconds 
  Import took 0.063237 seconds .

========================================================================
Received Import Request.
  Time since last request: 37.491945 seconds.
  path: Assets/_PREFAB/PLINTHE_FBX.prefab
  artifactKey: Guid(2137dd4d31f705541860d6d3c797be02) Importer(815301076,1909f56bfc062723c751e8b465ee728b)
Start importing Assets/_PREFAB/PLINTHE_FBX.prefab using Guid(2137dd4d31f705541860d6d3c797be02) Importer(815301076,1909f56bfc062723c751e8b465ee728b)  -> (artifact id: '114baa6d69b2dab6c2e119b30aa799b7') in 0.031549 seconds 
  Import took 0.038299 seconds .

========================================================================
Received Import Request.
  Time since last request: 77.408486 seconds.
  path: Assets/_PREFAB/porte_couloir.prefab
  artifactKey: Guid(ad14dbd1f613fa74681a641dd4d699e7) Importer(815301076,1909f56bfc062723c751e8b465ee728b)
Start importing Assets/_PREFAB/porte_couloir.prefab using Guid(ad14dbd1f613fa74681a641dd4d699e7) Importer(815301076,1909f56bfc062723c751e8b465ee728b)  -> (artifact id: 'c6c7fd2c48d31c27aea794a6cd6bb9e3') in 0.064497 seconds 
  Import took 0.070956 seconds .

AssetImportWorkerClient::OnTransportError - code=2 error=End of file
