Using pre-set license
Built from '2020.3/staging' branch; Version is '2020.3.17f1 (a4537701e4ab) revision 10769271'; Using compiler version '192528614'; Build Type 'Release'
OS: 'Windows 10 Home; OS build 22000.613; Version 2009; 64bit' Language: 'fr' Physical Memory: 16177 MB
BatchMode: 1, IsHumanControllingUs: 0, StartBugReporterOnCrash: 0, Is64bit: 1, IsPro: 0

COMMAND LINE ARGUMENTS:
D:\unity\2019.4.19f1\Editor\Unity.exe
-adb2
-batchMode
-noUpm
-name
AssetImportWorker0
-projectPath
C:/Users/alpim/Pictures/PFB/PFB_ANSART_GOY_KODRA/PFB_ANSART_GOY_KODRA
-logFile
Logs/AssetImportWorker0.log
-srvPort
64991
Successfully changed project path to: C:/Users/alpim/Pictures/PFB/PFB_ANSART_GOY_KODRA/PFB_ANSART_GOY_KODRA
C:/Users/alpim/Pictures/PFB/PFB_ANSART_GOY_KODRA/PFB_ANSART_GOY_KODRA
Using Asset Import Pipeline V2.
Refreshing native plugins compatible for Editor in 98.33 ms, found 3 plugins.
Preloading 0 native plugins for Editor in 0.00 ms.
Initialize engine version: 2020.3.17f1 (a4537701e4ab)
[Subsystems] Discovering subsystems at path D:/unity/2019.4.19f1/Editor/Data/Resources/UnitySubsystems
[Subsystems] Discovering subsystems at path C:/Users/alpim/Pictures/PFB/PFB_ANSART_GOY_KODRA/PFB_ANSART_GOY_KODRA/Assets
GfxDevice: creating device client; threaded=0
Direct3D:
    Version:  Direct3D 11.0 [level 11.1]
    Renderer: NVIDIA GeForce RTX 2060 (ID=0x1f11)
    Vendor:   
    VRAM:     5980 MB
    Driver:   30.0.14.9676
Initialize mono
Mono path[0] = 'D:/unity/2019.4.19f1/Editor/Data/Managed'
Mono path[1] = 'D:/unity/2019.4.19f1/Editor/Data/MonoBleedingEdge/lib/mono/unityjit'
Mono config path = 'D:/unity/2019.4.19f1/Editor/Data/MonoBleedingEdge/etc'
Using monoOptions --debugger-agent=transport=dt_socket,embedding=1,server=y,suspend=n,address=127.0.0.1:56272
Begin MonoManager ReloadAssembly
Registering precompiled unity dll's ...
Register platform support module: D:/unity/2019.4.19f1/Editor/Data/PlaybackEngines/WindowsStandaloneSupport/UnityEditor.WindowsStandalone.Extensions.dll
Registered in 0.001297 seconds.
Native extension for WindowsStandalone target not found
Refreshing native plugins compatible for Editor in 73.76 ms, found 3 plugins.
Preloading 0 native plugins for Editor in 0.00 ms.
Mono: successfully reloaded assembly
- Completed reload, in  1.132 seconds
Domain Reload Profiling:
	ReloadAssembly (1132ms)
		BeginReloadAssembly (64ms)
			ExecutionOrderSort (0ms)
			DisableScriptedObjects (0ms)
			BackupInstance (0ms)
			ReleaseScriptingObjects (0ms)
			CreateAndSetChildDomain (1ms)
		EndReloadAssembly (431ms)
			LoadAssemblies (64ms)
			RebuildTransferFunctionScriptingTraits (0ms)
			SetupTypeCache (145ms)
			ReleaseScriptCaches (0ms)
			RebuildScriptCaches (31ms)
			SetupLoadedEditorAssemblies (190ms)
				LogAssemblyErrors (0ms)
				InitializePlatformSupportModulesInManaged (4ms)
				SetLoadedEditorAssemblies (0ms)
				RefreshPlugins (74ms)
				BeforeProcessingInitializeOnLoad (8ms)
				ProcessInitializeOnLoadAttributes (77ms)
				ProcessInitializeOnLoadMethodAttributes (28ms)
				AfterProcessingInitializeOnLoad (0ms)
				EditorAssembliesLoaded (0ms)
			ExecutionOrderSort2 (0ms)
			AwakeInstancesAfterBackupRestoration (0ms)
Platform modules already initialized, skipping
Registering precompiled user dll's ...
Registered in 0.004567 seconds.
Begin MonoManager ReloadAssembly
Native extension for WindowsStandalone target not found
Refreshing native plugins compatible for Editor in 90.30 ms, found 3 plugins.
Preloading 0 native plugins for Editor in 0.00 ms.
Mono: successfully reloaded assembly
- Completed reload, in  1.618 seconds
Domain Reload Profiling:
	ReloadAssembly (1618ms)
		BeginReloadAssembly (154ms)
			ExecutionOrderSort (0ms)
			DisableScriptedObjects (5ms)
			BackupInstance (0ms)
			ReleaseScriptingObjects (0ms)
			CreateAndSetChildDomain (18ms)
		EndReloadAssembly (1405ms)
			LoadAssemblies (108ms)
			RebuildTransferFunctionScriptingTraits (0ms)
			SetupTypeCache (438ms)
			ReleaseScriptCaches (1ms)
			RebuildScriptCaches (85ms)
			SetupLoadedEditorAssemblies (657ms)
				LogAssemblyErrors (0ms)
				InitializePlatformSupportModulesInManaged (4ms)
				SetLoadedEditorAssemblies (0ms)
				RefreshPlugins (90ms)
				BeforeProcessingInitializeOnLoad (87ms)
				ProcessInitializeOnLoadAttributes (333ms)
				ProcessInitializeOnLoadMethodAttributes (141ms)
				AfterProcessingInitializeOnLoad (2ms)
				EditorAssembliesLoaded (0ms)
			ExecutionOrderSort2 (0ms)
			AwakeInstancesAfterBackupRestoration (6ms)
Platform modules already initialized, skipping
========================================================================
Worker process is ready to serve import requests
Launched and connected shader compiler UnityShaderCompiler.exe after 0.07 seconds
Refreshing native plugins compatible for Editor in 1.77 ms, found 3 plugins.
Preloading 0 native plugins for Editor in 0.00 ms.
Unloading 3869 Unused Serialized files (Serialized files now loaded: 0)
System memory in use before: 186.3 MB.
System memory in use after: 186.5 MB.

Unloading 22 unused Assets to reduce memory usage. Loaded Objects now: 4318.
Total: 6.502500 ms (FindLiveObjects: 0.679600 ms CreateObjectMapping: 0.486400 ms MarkObjects: 5.221900 ms  DeleteObjects: 0.111900 ms)

AssetImportParameters requested are different than current active one (requested -> active):
  custom:framework-win-MediaFoundation: 216162199b28c13a410421893ffa2e32 -> 
  custom:video-decoder-ogg-theora: a1e56fd34408186e4bbccfd4996cb3dc -> 
  custom:container-muxer-webm: aa71ff27fc2769a1b78a27578f13a17b -> 
  custom:container-demuxer-webm: 4f35f7cbe854078d1ac9338744f61a02 -> 
  custom:container-demuxer-ogg: 62fdf1f143b41e24485cea50d1cbac27 -> 
  custom:video-encoder-webm-vp8: eb34c28f22e8b96e1ab97ce403110664 -> 
  custom:video-codec-MediaFoundation-h265: 746d11721c4dcdbdad8f713fa42b33f4 -> 
  custom:video-decoder-webm-vp8: 9c59270c3fd7afecdb556c50c9e8de78 -> 
  custom:audio-decoder-ogg-vorbis: bf7c407c2cedff20999df2af8eb42d56 -> 
  custom:audio-encoder-webm-vorbis: bf7c407c2cedff20999df2af8eb42d56 -> 
========================================================================
Received Import Request.
  path: Assets/_MAT/Colonne_droite.mat
  artifactKey: Guid(6112f138ceb784b4a9624d7fd913a935) Importer(815301076,1909f56bfc062723c751e8b465ee728b)
Start importing Assets/_MAT/Colonne_droite.mat using Guid(6112f138ceb784b4a9624d7fd913a935) Importer(815301076,1909f56bfc062723c751e8b465ee728b) Launched and connected shader compiler UnityShaderCompiler.exe after 0.12 seconds
Launched and connected shader compiler UnityShaderCompiler.exe after 0.13 seconds
Launched and connected shader compiler UnityShaderCompiler.exe after 0.12 seconds
Launched and connected shader compiler UnityShaderCompiler.exe after 0.13 seconds
Launched and connected shader compiler UnityShaderCompiler.exe after 0.13 seconds
Launched and connected shader compiler UnityShaderCompiler.exe after 0.12 seconds
Launched and connected shader compiler UnityShaderCompiler.exe after 0.14 seconds
Launched and connected shader compiler UnityShaderCompiler.exe after 0.12 seconds
Launched and connected shader compiler UnityShaderCompiler.exe after 0.11 seconds
Launched and connected shader compiler UnityShaderCompiler.exe after 0.11 seconds
Launched and connected shader compiler UnityShaderCompiler.exe after 0.11 seconds
 -> (artifact id: '8cdb9fe380c581c5a724da99892822ed') in 2.771372 seconds 
  Import took 2.784313 seconds .

========================================================================
Received Import Request.
  Time since last request: 0.000438 seconds.
  path: Assets/_MAT/MAT_LIGHTBULBGOLD.mat
  artifactKey: Guid(b586cb44fc11f9b44acb88c2bf99b0ed) Importer(815301076,1909f56bfc062723c751e8b465ee728b)
Start importing Assets/_MAT/MAT_LIGHTBULBGOLD.mat using Guid(b586cb44fc11f9b44acb88c2bf99b0ed) Importer(815301076,1909f56bfc062723c751e8b465ee728b)  -> (artifact id: '8eb8bfcbccd5fdb0356e5c3472854725') in 0.038120 seconds 
  Import took 0.046233 seconds .

========================================================================
Received Import Request.
  Time since last request: 0.000392 seconds.
  path: Assets/_MAT/MAT_VASE_AMPHORE.mat
  artifactKey: Guid(01abc0053884c1e4b94af4d3957c46ab) Importer(815301076,1909f56bfc062723c751e8b465ee728b)
Start importing Assets/_MAT/MAT_VASE_AMPHORE.mat using Guid(01abc0053884c1e4b94af4d3957c46ab) Importer(815301076,1909f56bfc062723c751e8b465ee728b)  -> (artifact id: '7b7dcdcd996cf370aadc398d13709823') in 0.038081 seconds 
  Import took 0.046719 seconds .

========================================================================
Received Import Request.
  Time since last request: 0.000327 seconds.
  path: Assets/_MAT/PLATEAU_TABLE.mat
  artifactKey: Guid(92ddfcca84731c648a954ac20430e1af) Importer(815301076,1909f56bfc062723c751e8b465ee728b)
Start importing Assets/_MAT/PLATEAU_TABLE.mat using Guid(92ddfcca84731c648a954ac20430e1af) Importer(815301076,1909f56bfc062723c751e8b465ee728b)  -> (artifact id: '1ca2e2525d6808759d6253dacf7042bd') in 0.039128 seconds 
  Import took 0.047389 seconds .

========================================================================
Received Import Request.
  Time since last request: 0.000251 seconds.
  path: Assets/_MAT/MAT_ETAGERE.mat
  artifactKey: Guid(1d3a74f1f87c0e34c8a60e140e4d0032) Importer(815301076,1909f56bfc062723c751e8b465ee728b)
Start importing Assets/_MAT/MAT_ETAGERE.mat using Guid(1d3a74f1f87c0e34c8a60e140e4d0032) Importer(815301076,1909f56bfc062723c751e8b465ee728b)  -> (artifact id: '16aa900159f5a9d2d3c9322bc2a747eb') in 0.037054 seconds 
  Import took 0.044772 seconds .

========================================================================
Received Import Request.
  Time since last request: 0.000359 seconds.
  path: Assets/_MAT/Mur_haut.mat
  artifactKey: Guid(fcacca99b751990418f386e622251d3f) Importer(815301076,1909f56bfc062723c751e8b465ee728b)
Start importing Assets/_MAT/Mur_haut.mat using Guid(fcacca99b751990418f386e622251d3f) Importer(815301076,1909f56bfc062723c751e8b465ee728b)  -> (artifact id: 'ec91eca728d7350be2f37788dcf71a30') in 0.041665 seconds 
  Import took 0.050569 seconds .

========================================================================
Received Import Request.
  Time since last request: 0.000282 seconds.
  path: Assets/_MAT/MAT_MEUBLE2.mat
  artifactKey: Guid(bb4aaf89375e76449b5abeaba3d3e933) Importer(815301076,1909f56bfc062723c751e8b465ee728b)
Start importing Assets/_MAT/MAT_MEUBLE2.mat using Guid(bb4aaf89375e76449b5abeaba3d3e933) Importer(815301076,1909f56bfc062723c751e8b465ee728b)  -> (artifact id: '80293ec897d45b19c945e3cc2da8d218') in 0.040813 seconds 
  Import took 0.049235 seconds .

========================================================================
Received Import Request.
  Time since last request: 0.000244 seconds.
  path: Assets/_MAT/Mur_ouvert.mat
  artifactKey: Guid(52d1d10f123de5447a988b06ec167020) Importer(815301076,1909f56bfc062723c751e8b465ee728b)
Start importing Assets/_MAT/Mur_ouvert.mat using Guid(52d1d10f123de5447a988b06ec167020) Importer(815301076,1909f56bfc062723c751e8b465ee728b)  -> (artifact id: '365fb544677cadbbba20ab4422983345') in 0.040343 seconds 
  Import took 0.050330 seconds .

========================================================================
Received Import Request.
  Time since last request: 0.000297 seconds.
  path: Assets/_MAT/Mat_verre 1.mat
  artifactKey: Guid(70fae19e3da5483458b0b41b34d9961f) Importer(815301076,1909f56bfc062723c751e8b465ee728b)
Start importing Assets/_MAT/Mat_verre 1.mat using Guid(70fae19e3da5483458b0b41b34d9961f) Importer(815301076,1909f56bfc062723c751e8b465ee728b)  -> (artifact id: 'f93164d7158717e707382d5611d1b277') in 0.038614 seconds 
  Import took 0.046764 seconds .

========================================================================
Received Import Request.
  Time since last request: 0.000262 seconds.
  path: Assets/_MAT/MAT_FAUTEUIL.mat
  artifactKey: Guid(168d365b40615d748ad3d172b7f52a14) Importer(815301076,1909f56bfc062723c751e8b465ee728b)
Start importing Assets/_MAT/MAT_FAUTEUIL.mat using Guid(168d365b40615d748ad3d172b7f52a14) Importer(815301076,1909f56bfc062723c751e8b465ee728b)  -> (artifact id: '49bee55e32c644f5f85d12349196d6b9') in 0.034651 seconds 
  Import took 0.041877 seconds .

========================================================================
Received Import Request.
  Time since last request: 0.000227 seconds.
  path: Assets/_MAT/PORTE_BB.mat
  artifactKey: Guid(d99297fc72879244f8f0fc149fb7e41f) Importer(815301076,1909f56bfc062723c751e8b465ee728b)
Start importing Assets/_MAT/PORTE_BB.mat using Guid(d99297fc72879244f8f0fc149fb7e41f) Importer(815301076,1909f56bfc062723c751e8b465ee728b)  -> (artifact id: 'f609b04e1e7910516d91c17728d5e90b') in 0.033267 seconds 
  Import took 0.040239 seconds .

========================================================================
Received Import Request.
  Time since last request: 0.000292 seconds.
  path: Assets/_MAT/MAT_CHAISE.mat
  artifactKey: Guid(88802dfaced6719449468e200639fb51) Importer(815301076,1909f56bfc062723c751e8b465ee728b)
Start importing Assets/_MAT/MAT_CHAISE.mat using Guid(88802dfaced6719449468e200639fb51) Importer(815301076,1909f56bfc062723c751e8b465ee728b)  -> (artifact id: 'ead840f5c9c06f4db1d569ee60186f33') in 0.032006 seconds 
  Import took 0.039320 seconds .

========================================================================
Received Import Request.
  Time since last request: 0.000287 seconds.
  path: Assets/_MAT/MAT_ECRANS.mat
  artifactKey: Guid(dcb9581c585d16c4283ed8c6a0a951f5) Importer(815301076,1909f56bfc062723c751e8b465ee728b)
Start importing Assets/_MAT/MAT_ECRANS.mat using Guid(dcb9581c585d16c4283ed8c6a0a951f5) Importer(815301076,1909f56bfc062723c751e8b465ee728b)  -> (artifact id: '8608ae7371b582678941ea13b6ee4f9f') in 0.032912 seconds 
  Import took 0.039966 seconds .

========================================================================
Received Import Request.
  Time since last request: 0.000320 seconds.
  path: Assets/_MAT/MAT_MEUBLE1.mat
  artifactKey: Guid(e5f5a8d5f2ef69c48be7f3b78f3d4dc7) Importer(815301076,1909f56bfc062723c751e8b465ee728b)
Start importing Assets/_MAT/MAT_MEUBLE1.mat using Guid(e5f5a8d5f2ef69c48be7f3b78f3d4dc7) Importer(815301076,1909f56bfc062723c751e8b465ee728b)  -> (artifact id: '085f0293330295b34b955e99dfca9af9') in 0.031610 seconds 
  Import took 0.038198 seconds .

========================================================================
Received Import Request.
  Time since last request: 0.000252 seconds.
  path: Assets/_MAT/SOL_COULOIR_DROIT.mat
  artifactKey: Guid(5a0aca1f0ea955948b6764b7dd92d9aa) Importer(815301076,1909f56bfc062723c751e8b465ee728b)
Start importing Assets/_MAT/SOL_COULOIR_DROIT.mat using Guid(5a0aca1f0ea955948b6764b7dd92d9aa) Importer(815301076,1909f56bfc062723c751e8b465ee728b)  -> (artifact id: '25ccaaf8aa8a933021c63b82d93400f6') in 0.036367 seconds 
  Import took 0.043156 seconds .

========================================================================
Received Import Request.
  Time since last request: 0.000258 seconds.
  path: Assets/_MAT/SOL.mat
  artifactKey: Guid(f98da0ada50c280449c7f7bc1208722c) Importer(815301076,1909f56bfc062723c751e8b465ee728b)
Start importing Assets/_MAT/SOL.mat using Guid(f98da0ada50c280449c7f7bc1208722c) Importer(815301076,1909f56bfc062723c751e8b465ee728b)  -> (artifact id: 'a9c7113cfbcfd85b4abf32cf3ae68ec5') in 0.030654 seconds 
  Import took 0.037641 seconds .

========================================================================
Received Import Request.
  Time since last request: 0.000253 seconds.
  path: Assets/_MAT/VASE_BB.mat
  artifactKey: Guid(3c6653cb3c8724b41a6dc1c44bb769e9) Importer(815301076,1909f56bfc062723c751e8b465ee728b)
Start importing Assets/_MAT/VASE_BB.mat using Guid(3c6653cb3c8724b41a6dc1c44bb769e9) Importer(815301076,1909f56bfc062723c751e8b465ee728b)  -> (artifact id: '220393f231896a27b790c03d8abc951e') in 0.032981 seconds 
  Import took 0.040206 seconds .

========================================================================
Received Import Request.
  Time since last request: 0.000296 seconds.
  path: Assets/_MAT/Mur_rotonde.mat
  artifactKey: Guid(0669c030b4752d149aa5d2f68c023698) Importer(815301076,1909f56bfc062723c751e8b465ee728b)
Start importing Assets/_MAT/Mur_rotonde.mat using Guid(0669c030b4752d149aa5d2f68c023698) Importer(815301076,1909f56bfc062723c751e8b465ee728b)  -> (artifact id: '53d5813a73c76f382bb2a27dfaa7b5fc') in 0.034777 seconds 
  Import took 0.041780 seconds .

========================================================================
Received Import Request.
  Time since last request: 0.000266 seconds.
  path: Assets/_MAT/SOL_ROTONDE.mat
  artifactKey: Guid(ec4c7ae6deb9dc94588e3687115e4e16) Importer(815301076,1909f56bfc062723c751e8b465ee728b)
Start importing Assets/_MAT/SOL_ROTONDE.mat using Guid(ec4c7ae6deb9dc94588e3687115e4e16) Importer(815301076,1909f56bfc062723c751e8b465ee728b)  -> (artifact id: '7b9d92666dd9105d72a95f781457856a') in 0.052252 seconds 
  Import took 0.060809 seconds .

========================================================================
Received Import Request.
  Time since last request: 0.000341 seconds.
  path: Assets/_MAT/Tete_BB.mat
  artifactKey: Guid(3aeeaedf674fd8d418114a19eabf299d) Importer(815301076,1909f56bfc062723c751e8b465ee728b)
Start importing Assets/_MAT/Tete_BB.mat using Guid(3aeeaedf674fd8d418114a19eabf299d) Importer(815301076,1909f56bfc062723c751e8b465ee728b)  -> (artifact id: '8899379ecdf4ff8e24dbb1437af4b6a9') in 0.044147 seconds 
  Import took 0.051765 seconds .

========================================================================
Received Import Request.
  Time since last request: 0.000246 seconds.
  path: Assets/_MAT/MAT_BUREAU.mat
  artifactKey: Guid(c6f5c1583ec6f92488209804e57bce48) Importer(815301076,1909f56bfc062723c751e8b465ee728b)
Start importing Assets/_MAT/MAT_BUREAU.mat using Guid(c6f5c1583ec6f92488209804e57bce48) Importer(815301076,1909f56bfc062723c751e8b465ee728b)  -> (artifact id: '09d37fe86c6b01178dff0c07533c1b65') in 0.038405 seconds 
  Import took 0.046118 seconds .

========================================================================
Received Import Request.
  Time since last request: 0.000289 seconds.
  path: Assets/_MAT/Mat_toit_modulaire.mat
  artifactKey: Guid(e923b6d9396b6064a848fb9db7f1feb2) Importer(815301076,1909f56bfc062723c751e8b465ee728b)
Start importing Assets/_MAT/Mat_toit_modulaire.mat using Guid(e923b6d9396b6064a848fb9db7f1feb2) Importer(815301076,1909f56bfc062723c751e8b465ee728b)  -> (artifact id: 'c2442f8de1011a876f34b108001dd37f') in 0.033546 seconds 
  Import took 0.040842 seconds .

========================================================================
Received Import Request.
  Time since last request: 0.000264 seconds.
  path: Assets/_MAT/PIED_TABLE.mat
  artifactKey: Guid(9d2c29b0a932321469436e43c861c11e) Importer(815301076,1909f56bfc062723c751e8b465ee728b)
Start importing Assets/_MAT/PIED_TABLE.mat using Guid(9d2c29b0a932321469436e43c861c11e) Importer(815301076,1909f56bfc062723c751e8b465ee728b)  -> (artifact id: '0698136b8415f8ae9f88152136e91643') in 0.031576 seconds 
  Import took 0.038622 seconds .

========================================================================
Received Import Request.
  Time since last request: 0.000276 seconds.
  path: Assets/_MAT/Mat_verre.mat
  artifactKey: Guid(655f371e88e6ae540b86e6483ef8eaab) Importer(815301076,1909f56bfc062723c751e8b465ee728b)
Start importing Assets/_MAT/Mat_verre.mat using Guid(655f371e88e6ae540b86e6483ef8eaab) Importer(815301076,1909f56bfc062723c751e8b465ee728b)  -> (artifact id: 'fb0ef202a02eae5abea27eef7f995641') in 0.029865 seconds 
  Import took 0.036785 seconds .

========================================================================
Received Import Request.
  Time since last request: 0.000229 seconds.
  path: Assets/_MAT/arche.mat
  artifactKey: Guid(03a0b23df5135a2499c368682994a5e9) Importer(815301076,1909f56bfc062723c751e8b465ee728b)
Start importing Assets/_MAT/arche.mat using Guid(03a0b23df5135a2499c368682994a5e9) Importer(815301076,1909f56bfc062723c751e8b465ee728b)  -> (artifact id: '7e1fa2e6c049c93fa0ad44ed01a25c35') in 0.035066 seconds 
  Import took 0.044066 seconds .

========================================================================
Received Import Request.
  Time since last request: 0.000485 seconds.
  path: Assets/_MAT/MAT_ESCALIERS.mat
  artifactKey: Guid(2cb957dfef34c4c4e848a41d1580a882) Importer(815301076,1909f56bfc062723c751e8b465ee728b)
Start importing Assets/_MAT/MAT_ESCALIERS.mat using Guid(2cb957dfef34c4c4e848a41d1580a882) Importer(815301076,1909f56bfc062723c751e8b465ee728b)  -> (artifact id: '170ef3df121be2539a77d9cffdf568b1') in 0.034520 seconds 
  Import took 0.042798 seconds .

========================================================================
Received Import Request.
  Time since last request: 0.000295 seconds.
  path: Assets/_MAT/Porte_couloir.mat
  artifactKey: Guid(d2293943a58a81540be077d9375b7657) Importer(815301076,1909f56bfc062723c751e8b465ee728b)
Start importing Assets/_MAT/Porte_couloir.mat using Guid(d2293943a58a81540be077d9375b7657) Importer(815301076,1909f56bfc062723c751e8b465ee728b)  -> (artifact id: 'f5c22638a3fbabd38200aea0069afad9') in 0.034130 seconds 
  Import took 0.040998 seconds .

========================================================================
Received Import Request.
  Time since last request: 0.000367 seconds.
  path: Assets/_MAT/MAT_VERRE 2.mat
  artifactKey: Guid(0d6ea6a6791617d4dbb5a39863f9d836) Importer(815301076,1909f56bfc062723c751e8b465ee728b)
Start importing Assets/_MAT/MAT_VERRE 2.mat using Guid(0d6ea6a6791617d4dbb5a39863f9d836) Importer(815301076,1909f56bfc062723c751e8b465ee728b)  -> (artifact id: 'cedb90fab17f5251d303b2362c9cd191') in 0.028125 seconds 
  Import took 0.035316 seconds .

========================================================================
Received Import Request.
  Time since last request: 0.000284 seconds.
  path: Assets/_MAT/MAT_plante.mat
  artifactKey: Guid(527810594c7c7bb41a409f849f83010e) Importer(815301076,1909f56bfc062723c751e8b465ee728b)
Start importing Assets/_MAT/MAT_plante.mat using Guid(527810594c7c7bb41a409f849f83010e) Importer(815301076,1909f56bfc062723c751e8b465ee728b)  -> (artifact id: '04c3288b048d10580fb2c5dc3fb5c755') in 0.031939 seconds 
  Import took 0.038329 seconds .

========================================================================
Received Import Request.
  Time since last request: 0.000273 seconds.
  path: Assets/_MAT/COLLONNE_TETE.mat
  artifactKey: Guid(0f50724acef62134297687e7b1a855d4) Importer(815301076,1909f56bfc062723c751e8b465ee728b)
Start importing Assets/_MAT/COLLONNE_TETE.mat using Guid(0f50724acef62134297687e7b1a855d4) Importer(815301076,1909f56bfc062723c751e8b465ee728b)  -> (artifact id: 'e00ca34d5b9d2383ccf2522fff7c3541') in 0.032642 seconds 
  Import took 0.039348 seconds .

========================================================================
Received Import Request.
  Time since last request: 0.000287 seconds.
  path: Assets/_MAT/Toit_bas.mat
  artifactKey: Guid(15566b3f121b19744ab5286e65dc1f1d) Importer(815301076,1909f56bfc062723c751e8b465ee728b)
Start importing Assets/_MAT/Toit_bas.mat using Guid(15566b3f121b19744ab5286e65dc1f1d) Importer(815301076,1909f56bfc062723c751e8b465ee728b)  -> (artifact id: 'ae8d11f85d20339a354837a1a1aa2a9e') in 0.031312 seconds 
  Import took 0.037869 seconds .

========================================================================
Received Import Request.
  Time since last request: 0.000244 seconds.
  path: Assets/_MAT/Mur_fermé.mat
  artifactKey: Guid(0da85952e1896b14a8e2a8601e3ebd52) Importer(815301076,1909f56bfc062723c751e8b465ee728b)
Start importing Assets/_MAT/Mur_fermé.mat using Guid(0da85952e1896b14a8e2a8601e3ebd52) Importer(815301076,1909f56bfc062723c751e8b465ee728b)  -> (artifact id: '71b8e84327f8d2c1dd491e0a7b586fc5') in 0.031618 seconds 
  Import took 0.038661 seconds .

========================================================================
Received Import Request.
  Time since last request: 0.000261 seconds.
  path: Assets/_MAT/Mur_liaison_rotonde.mat
  artifactKey: Guid(68f85fe2006796f4da26fbd815f0b7a0) Importer(815301076,1909f56bfc062723c751e8b465ee728b)
Start importing Assets/_MAT/Mur_liaison_rotonde.mat using Guid(68f85fe2006796f4da26fbd815f0b7a0) Importer(815301076,1909f56bfc062723c751e8b465ee728b)  -> (artifact id: 'b07a967ab027bf97ffd537b9a8dc8468') in 0.032846 seconds 
  Import took 0.040370 seconds .

========================================================================
Received Import Request.
  Time since last request: 0.000279 seconds.
  path: Assets/_MAT/Mur_fermé.mat
  artifactKey: Guid(0da85952e1896b14a8e2a8601e3ebd52) Importer(815301076,1909f56bfc062723c751e8b465ee728b)
Start importing Assets/_MAT/Mur_fermé.mat using Guid(0da85952e1896b14a8e2a8601e3ebd52) Importer(815301076,1909f56bfc062723c751e8b465ee728b)  -> (artifact id: '71b8e84327f8d2c1dd491e0a7b586fc5') in 0.030559 seconds 
  Import took 0.038271 seconds .

========================================================================
Received Import Request.
  Time since last request: 0.000229 seconds.
  path: Assets/_MAT/lampe.mat
  artifactKey: Guid(8fcf59f11de8a374eab6939918e2c72e) Importer(815301076,1909f56bfc062723c751e8b465ee728b)
Start importing Assets/_MAT/lampe.mat using Guid(8fcf59f11de8a374eab6939918e2c72e) Importer(815301076,1909f56bfc062723c751e8b465ee728b)  -> (artifact id: 'b49a35ef6a70150ccd3990e24bd471a0') in 0.032386 seconds 
  Import took 0.039200 seconds .

========================================================================
Received Import Request.
  Time since last request: 0.000294 seconds.
  path: Assets/_MAT/Mat_Toit_rotonde.mat
  artifactKey: Guid(4717110e6125e7546926a346f790fb23) Importer(815301076,1909f56bfc062723c751e8b465ee728b)
Start importing Assets/_MAT/Mat_Toit_rotonde.mat using Guid(4717110e6125e7546926a346f790fb23) Importer(815301076,1909f56bfc062723c751e8b465ee728b)  -> (artifact id: 'dc6fac0d3066333c4a00b858e5bede81') in 0.032505 seconds 
  Import took 0.040936 seconds .

========================================================================
Received Import Request.
  Time since last request: 0.000258 seconds.
  path: Assets/_MAT/SOL_COULOIR_CAR.mat
  artifactKey: Guid(ab57a16381ab8bb498c0cc6a68bfaba0) Importer(815301076,1909f56bfc062723c751e8b465ee728b)
Start importing Assets/_MAT/SOL_COULOIR_CAR.mat using Guid(ab57a16381ab8bb498c0cc6a68bfaba0) Importer(815301076,1909f56bfc062723c751e8b465ee728b)  -> (artifact id: '9acf71903c98bac3141bfdd7c4fe5a0f') in 0.037268 seconds 
  Import took 0.047273 seconds .

========================================================================
Received Import Request.
  Time since last request: 0.000250 seconds.
  path: Assets/_MAT/Vase (2).prefab
  artifactKey: Guid(a0691208d3cec304793fd0bfdd78c958) Importer(815301076,1909f56bfc062723c751e8b465ee728b)
Start importing Assets/_MAT/Vase (2).prefab using Guid(a0691208d3cec304793fd0bfdd78c958) Importer(815301076,1909f56bfc062723c751e8b465ee728b)  -> (artifact id: '9643c2cfa7039323481d9c4a8fa09bf4') in 0.050801 seconds 
  Import took 0.058153 seconds .

AssetImportWorkerClient::OnTransportError - code=2 error=End of file
